# JRE version: OpenJDK Runtime Environment Temurin-25.0.2+10 (25.0.2+10) (build 25.0.2+10-LTS)
# Java VM: OpenJDK 64-Bit Server VM Temurin-25.0.2+10 (25.0.2+10-LTS, mixed mode, sharing, tiered, compressed oops, compressed class ptrs, g1 gc, windows-amd64)
GC Precious Log:
 CardTable entry size: 512
 Card Set container configuration: InlinePtr #cards 4 size 8 Array Of Cards #cards 16 size 48 Howl #buckets 8 coarsen threshold 3686 Howl Bitmap #cards 512 size 80 coarsen threshold 460 Card regions per heap region 1 cards per card region 4096
 CPUs: 12 total, 12 available
 Memory: 15662M
 Large Page Support: Disabled
 NUMA Support: Disabled
 Compressed Oops: Enabled (Zero based)
 Heap Region Size: 2M
 Heap Min Capacity: 8M
 Heap Initial Capacity: 246M
 Heap Max Capacity: 3916M
 Pre-touch: Disabled
 Parallel Workers: 10
 Concurrent Workers: 3
 Concurrent Refinement Workers: 10
 Periodic GC: Disabled
Heap:
 garbage-first heap   total reserved 4009984K, committed 311296K, used 132741K [0x000000070b400000, 0x0000000800000000)
  region size 2048K, 14 young (28672K), 6 survivors (12288K)
GC Heap Usage History (20 events):
Event: 4.702 {heap Before GC invocations=10 (full 0):
 garbage-first heap   total reserved 4009984K, committed 167936K, used 133833K [0x000000070b400000, 0x0000000800000000)
  region size 2048K, 49 young (100352K), 7 survivors (14336K)
}
Event: 4.706 {heap After GC invocations=11 (full 0):
 garbage-first heap   total reserved 4009984K, committed 167936K, used 42920K [0x000000070b400000, 0x0000000800000000)
  region size 2048K, 2 young (4096K), 2 survivors (4096K)
}
Event: 4.762 {heap Before GC invocations=11 (full 0):
 garbage-first heap   total reserved 4009984K, committed 167936K, used 139176K [0x000000070b400000, 0x0000000800000000)
  region size 2048K, 49 young (100352K), 2 survivors (4096K)
}
Event: 4.764 {heap After GC invocations=12 (full 0):
 garbage-first heap   total reserved 4009984K, committed 167936K, used 42481K [0x000000070b400000, 0x0000000800000000)
  region size 2048K, 2 young (4096K), 2 survivors (4096K)
}
Event: 4.959 {heap Before GC invocations=12 (full 0):
 garbage-first heap   total reserved 4009984K, committed 167936K, used 136689K [0x000000070b400000, 0x0000000800000000)
  region size 2048K, 49 young (100352K), 2 survivors (4096K)
}
Event: 4.963 {heap After GC invocations=13 (full 0):
 garbage-first heap   total reserved 4009984K, committed 253952K, used 45825K [0x000000070b400000, 0x0000000800000000)
  region size 2048K, 3 young (6144K), 3 survivors (6144K)
}
Event: 5.999 {heap Before GC invocations=13 (full 0):
 garbage-first heap   total reserved 4009984K, committed 253952K, used 195329K [0x000000070b400000, 0x0000000800000000)
  region size 2048K, 74 young (151552K), 3 survivors (6144K)
}
Event: 6.013 {heap After GC invocations=14 (full 0):
 garbage-first heap   total reserved 4009984K, committed 253952K, used 83621K [0x000000070b400000, 0x0000000800000000)
  region size 2048K, 10 young (20480K), 10 survivors (20480K)
}
Event: 7.293 {heap Before GC invocations=14 (full 0):
 garbage-first heap   total reserved 4009984K, committed 253952K, used 218789K [0x000000070b400000, 0x0000000800000000)
  region size 2048K, 74 young (151552K), 10 survivors (20480K)
}
Event: 7.304 {heap After GC invocations=15 (full 0):
 garbage-first heap   total reserved 4009984K, committed 258048K, used 101579K [0x000000070b400000, 0x0000000800000000)
  region size 2048K, 8 young (16384K), 8 survivors (16384K)
}
Event: 7.701 {heap Before GC invocations=15 (full 0):
 garbage-first heap   total reserved 4009984K, committed 258048K, used 222411K [0x000000070b400000, 0x0000000800000000)
  region size 2048K, 67 young (137216K), 8 survivors (16384K)
}
Event: 7.707 {heap After GC invocations=16 (full 0):
 garbage-first heap   total reserved 4009984K, committed 258048K, used 98315K [0x000000070b400000, 0x0000000800000000)
  region size 2048K, 4 young (8192K), 4 survivors (8192K)
}
Event: 8.090 {heap Before GC invocations=16 (full 0):
 garbage-first heap   total reserved 4009984K, committed 258048K, used 225291K [0x000000070b400000, 0x0000000800000000)
  region size 2048K, 66 young (135168K), 4 survivors (8192K)
}
Event: 8.095 {heap After GC invocations=17 (full 0):
 garbage-first heap   total reserved 4009984K, committed 258048K, used 103354K [0x000000070b400000, 0x0000000800000000)
  region size 2048K, 6 young (12288K), 6 survivors (12288K)
}
Event: 8.331 {heap Before GC invocations=17 (full 0):
 garbage-first heap   total reserved 4009984K, committed 258048K, used 228282K [0x000000070b400000, 0x0000000800000000)
  region size 2048K, 67 young (137216K), 6 survivors (12288K)
}
Event: 8.336 {heap After GC invocations=18 (full 0):
 garbage-first heap   total reserved 4009984K, committed 311296K, used 114869K [0x000000070b400000, 0x0000000800000000)
  region size 2048K, 8 young (16384K), 8 survivors (16384K)
}
Event: 8.835 {heap Before GC invocations=18 (full 0):
 garbage-first heap   total reserved 4009984K, committed 311296K, used 270517K [0x000000070b400000, 0x0000000800000000)
  region size 2048K, 83 young (169984K), 8 survivors (16384K)
}
Event: 8.838 {heap After GC invocations=19 (full 0):
 garbage-first heap   total reserved 4009984K, committed 311296K, used 108075K [0x000000070b400000, 0x0000000800000000)
  region size 2048K, 3 young (6144K), 3 survivors (6144K)
}
Event: 9.559 {heap Before GC invocations=19 (full 0):
 garbage-first heap   total reserved 4009984K, committed 311296K, used 224811K [0x000000070b400000, 0x0000000800000000)
  region size 2048K, 58 young (118784K), 3 survivors (6144K)
}
Event: 9.562 {heap After GC invocations=20 (full 0):
 garbage-first heap   total reserved 4009984K, committed 311296K, used 118405K [0x000000070b400000, 0x0000000800000000)
  region size 2048K, 6 young (12288K), 6 survivors (12288K)
}

